<?xml version="1.0" encoding="UTF-8"?>
<testng-results ignored="0" total="1" passed="1" failed="0" skipped="0">
  <reporter-output>
  </reporter-output>
  <suite started-at="2025-09-22T19:21:15 IST" name="Default suite" finished-at="2025-09-22T19:21:15 IST" duration-ms="242">
    <groups>
    </groups>
    <test started-at="2025-09-22T19:21:15 IST" name="Default test" finished-at="2025-09-22T19:21:15 IST" duration-ms="242">
      <class name="noSpace.Hey">
        <test-method signature="get()[pri:0, instance:noSpace.Hey@351d00c0]" started-at="2025-09-22T19:21:15 IST" name="get" finished-at="2025-09-22T19:21:15 IST" duration-ms="70" status="PASS">
          <reporter-output>
          </reporter-output>
        </test-method> <!-- get -->
      </class> <!-- noSpace.Hey -->
    </test> <!-- Default test -->
  </suite> <!-- Default suite -->
</testng-results>
